-1 0 0 0 0 0 Me
-2 0 0 62 0 0
-3 0 0 2 0 0
-4 0 0 1 0 0
-5 0 0 0 0 0
-6 0 0 0 0 412
-7 0 0 0 0 12100648
-8 0 0 1 0 0
-11 0 0 0 0 0
-13 0 1 2 0 0 green:light_gray Send
-13 0 3 4 0 0 blue:gray3 Admin
-13 0 5 6 0 0 red:vlines3 Receive
3 0 0 0 0 7981913 
4 0 0 0 0 7983309 
5 0 0 0 0 7983501 
3 1 0 0 0 11865656 
4 1 0 0 0 11867720 
6 0 0 0 0 11891199 
1 1 0 0 0 11893441 
2 1 0 0 0 11894149 
5 1 0 0 0 11894240 
1 0 0 0 0 11918585 
2 0 0 0 0 11919458 
5 0 0 0 0 11921917 
6 0 0 0 0 11923395 
6 1 0 0 0 11923549 
1 0 0 0 0 11924351 
2 0 0 0 0 11925207 
1 1 0 0 0 11925285 
2 1 0 0 0 11925893 
5 1 0 0 0 11926008 
5 0 0 0 0 11928105 
6 0 0 0 0 11929068 
6 1 0 0 0 11929279 
1 1 0 0 0 11929902 
1 0 0 0 0 11930021 
2 1 0 0 0 11930571 
5 1 0 0 0 11930659 
2 0 0 0 0 11930869 
5 0 0 0 0 11934079 
6 1 0 0 0 11934946 
6 0 0 0 0 11936597 
1 0 0 0 0 11937560 
2 0 0 0 0 11938519 
1 1 0 0 0 11938788 
2 1 0 0 0 11939485 
5 1 0 0 0 11939573 
5 0 0 0 0 11941691 
6 1 0 0 0 11942495 
6 0 0 0 0 11945398 
1 0 0 0 0 11946358 
2 0 0 0 0 11947211 
1 1 0 0 0 11947590 
2 1 0 0 0 11948284 
5 1 0 0 0 11948373 
5 0 0 0 0 11951037 
6 1 0 0 0 11951294 
6 0 0 0 0 11952236 
1 1 0 0 0 11954512 
2 1 0 0 0 11955183 
5 1 0 0 0 11955269 
1 0 0 0 0 12083012 
2 0 0 0 0 12083869 
5 0 0 0 0 12087317 
6 1 0 0 0 12087955 
6 0 0 0 0 12090169 
1 1 0 0 0 12092400 
2 1 0 0 0 12093090 
5 1 0 0 0 12093179 
6 1 0 0 0 12096098 
3 0 0 0 0 12097283 
4 0 0 0 0 12098553 
3 1 0 0 0 12099960 
4 1 0 0 0 12100648 
